2025-10-01 14:28:08, MOVE, v:1, k:toalha, mode:PICK
2025-10-01 14:28:09, EXEC, v:1, k:toalha, mode:LOCK, rate:0
2025-10-01 14:28:14, MOVE, v:1, k:toalha, mode:BACK
2025-10-01 14:28:24, MOVE, v:1, k:enxugar, mode:DOWN
2025-10-01 14:58:34, MOVE, v:1, k:enxugar, mode:PICK
2025-10-01 14:58:35, EXEC, v:1, k:enxugar, mode:FULL, rate:0, size:12
2025-10-01 14:58:44, MOVE, v:1, k:enxugar, mode:BACK
2025-10-01 14:59:12, MOVE, v:1, k:enxugar, mode:PICK
2025-10-01 14:59:15, EXEC, v:1, k:enxugar, mode:FULL, rate:0, size:12
2025-10-01 16:18:12, EXEC, v:1, k:enxugar, mode:FULL, rate:0, size:36
2025-10-01 16:18:42, EXEC, v:1, k:enxugar, mode:FULL, rate:0, size:36
2025-10-01 16:19:08, EXEC, v:1, k:enxugar, mode:FULL, rate:20, size:36
2025-10-01 16:30:50, EXEC, v:1, k:enxugar, mode:FULL, rate:20, size:42
2025-10-01 16:32:14, MOVE, v:1, k:enxugar, mode:BACK
2025-10-01 16:47:41, MOVE, v:1, k:enxugar, mode:PICK
2025-10-01 16:47:43, EXEC, v:1, k:enxugar, mode:FULL, rate:30, size:54
2025-10-01 16:58:53, EXEC, v:1, k:enxugar, mode:FULL, rate:60, size:70
2025-10-01 17:00:17, EXEC, v:1, k:enxugar, mode:FULL, rate:100, size:70
2025-10-01 17:00:37, MOVE, v:1, k:enxugar, mode:BACK
2025-10-01 17:01:50, MOVE, v:1, k:enxugar, mode:PICK
2025-10-01 17:01:56, MOVE, v:1, k:enxugar, mode:BACK
2025-10-01 17:02:43, SELF, v:1, k:enxugar, rate:100, human:_, study:180
